ffmpeg version N-87327-g18821e3 Copyright (c) 2000-2017 the FFmpeg developers
  built with gcc 7.2.0 (GCC)
  configuration: --enable-gpl --enable-version3 --enable-cuda --enable-cuvid --enable-d3d11va --enable-dxva2 --enable-libmfx --enable-nvenc --enable-avisynth --enable-bzlib --enable-fontconfig --enable-frei0r --enable-gnutls --enable-iconv --enable-libass --enable-libbluray --enable-libbs2b --enable-libcaca --enable-libfreetype --enable-libgme --enable-libgsm --enable-libilbc --enable-libmodplug --enable-libmp3lame --enable-libopencore-amrnb --enable-libopencore-amrwb --enable-libopenh264 --enable-libopenjpeg --enable-libopus --enable-librtmp --enable-libsnappy --enable-libsoxr --enable-libspeex --enable-libtheora --enable-libtwolame --enable-libvidstab --enable-libvo-amrwbenc --enable-libvorbis --enable-libvpx --enable-libwavpack --enable-libwebp --enable-libx264 --enable-libx265 --enable-libxavs --enable-libxvid --enable-libxml2 --enable-libzimg --enable-lzma --enable-zlib
  libavutil      55. 75.100 / 55. 75.100
  libavcodec     57.106.101 / 57.106.101
  libavformat    57. 82.100 / 57. 82.100
  libavdevice    57.  8.101 / 57.  8.101
  libavfilter     6.105.100 /  6.105.100
  libswscale      4.  7.103 /  4.  7.103
  libswresample   2.  8.100 /  2.  8.100
  libpostproc    54.  6.100 / 54.  6.100
Splitting the commandline.
Reading option '-v' ... matched as option 'v' (set logging level) with argument 'debug'.
Reading option '-nostdin' ... matched as option 'stdin' (enable or disable interaction on standard input) with argument 0.
Reading option '-progress' ... matched as option 'progress' (write program-readable progress information) with argument 'C:/Users/ydung/AppData/Local/Temp/KritaFFmpegProgress.IuTnyG'.
Reading option '-r' ... matched as option 'r' (set frame rate (Hz value, fraction or abbreviation)) with argument '5'.
Reading option '-start_number' ... matched as AVOption 'start_number' with argument '0'.
Reading option '-i' ... matched as input url with argument 'C:/Users/ydung/Desktop/data/grade10_Science/grade10_biology/svgs/frame%04d.png'.
Reading option '-i' ... matched as input url with argument 'C:/Users/ydung/Desktop/data/grade10_Science/grade10_biology/svgs/palette.png'.
Reading option '-lavfi' ... matched as option 'lavfi' (create a complex filtergraph) with argument 'scale=w=300:h=200[0:v];[0:v][1:v] paletteuse'.
Reading option '-y' ... matched as option 'y' (overwrite output files) with argument '1'.
Reading option 'C:/Users/ydung/Desktop/data/grade10_Science/grade10_biology/svgs/planaria.gif' ... matched as output url.
Finished splitting the commandline.
Parsing a group of options: global .
Applying option v (set logging level) with argument debug.
Applying option nostdin (enable or disable interaction on standard input) with argument 0.
Applying option progress (write program-readable progress information) with argument C:/Users/ydung/AppData/Local/Temp/KritaFFmpegProgress.IuTnyG.
[file @ 0000000000df5da0] Setting default whitelist 'file,crypto'
Applying option lavfi (create a complex filtergraph) with argument scale=w=300:h=200[0:v];[0:v][1:v] paletteuse.
Applying option y (overwrite output files) with argument 1.
Successfully parsed a group of options.
Parsing a group of options: input url C:/Users/ydung/Desktop/data/grade10_Science/grade10_biology/svgs/frame%04d.png.
Applying option r (set frame rate (Hz value, fraction or abbreviation)) with argument 5.
Successfully parsed a group of options.
Opening an input file: C:/Users/ydung/Desktop/data/grade10_Science/grade10_biology/svgs/frame%04d.png.
[image2 @ 0000000000f47240] Opening 'C:/Users/ydung/Desktop/data/grade10_Science/grade10_biology/svgs/frame0000.png' for reading
[file @ 0000000000f4a300] Setting default whitelist 'file,crypto'
[AVIOContext @ 0000000000e3f000] Statistics: 17574 bytes read, 0 seeks
[image2 @ 0000000000f47240] Opening 'C:/Users/ydung/Desktop/data/grade10_Science/grade10_biology/svgs/frame0001.png' for reading
[file @ 0000000000f4e980] Setting default whitelist 'file,crypto'
[AVIOContext @ 0000000000f4ea60] Statistics: 17574 bytes read, 0 seeks
[image2 @ 0000000000f47240] Opening 'C:/Users/ydung/Desktop/data/grade10_Science/grade10_biology/svgs/frame0002.png' for reading
[file @ 0000000000f4ea20] Setting default whitelist 'file,crypto'
[AVIOContext @ 0000000000e48da0] Statistics: 17574 bytes read, 0 seeks
[image2 @ 0000000000f47240] Opening 'C:/Users/ydung/Desktop/data/grade10_Science/grade10_biology/svgs/frame0003.png' for reading
[file @ 0000000000e48da0] Setting default whitelist 'file,crypto'
[AVIOContext @ 00000000027dbc40] Statistics: 21386 bytes read, 0 seeks
[image2 @ 0000000000f47240] Opening 'C:/Users/ydung/Desktop/data/grade10_Science/grade10_biology/svgs/frame0004.png' for reading
[file @ 00000000027dbc40] Setting default whitelist 'file,crypto'
[AVIOContext @ 00000000027dbd20] Statistics: 21386 bytes read, 0 seeks
[image2 @ 0000000000f47240] Opening 'C:/Users/ydung/Desktop/data/grade10_Science/grade10_biology/svgs/frame0005.png' for reading
[file @ 00000000027dbc40] Setting default whitelist 'file,crypto'
[AVIOContext @ 00000000027dbd20] Statistics: 21386 bytes read, 0 seeks
[image2 @ 0000000000f47240] Opening 'C:/Users/ydung/Desktop/data/grade10_Science/grade10_biology/svgs/frame0006.png' for reading
[file @ 00000000027dbcc0] Setting default whitelist 'file,crypto'
[AVIOContext @ 0000000000e37020] Statistics: 20830 bytes read, 0 seeks
[image2 @ 0000000000f47240] Opening 'C:/Users/ydung/Desktop/data/grade10_Science/grade10_biology/svgs/frame0007.png' for reading
[file @ 0000000000e37020] Setting default whitelist 'file,crypto'
[AVIOContext @ 0000000000e37900] Statistics: 20830 bytes read, 0 seeks
[image2 @ 0000000000f47240] Opening 'C:/Users/ydung/Desktop/data/grade10_Science/grade10_biology/svgs/frame0008.png' for reading
[file @ 0000000000e37900] Setting default whitelist 'file,crypto'
[AVIOContext @ 0000000000e37aa0] Statistics: 20830 bytes read, 0 seeks
[image2 @ 0000000000f47240] Opening 'C:/Users/ydung/Desktop/data/grade10_Science/grade10_biology/svgs/frame0009.png' for reading
[file @ 0000000000e37aa0] Setting default whitelist 'file,crypto'
[AVIOContext @ 0000000000e37b80] Statistics: 23713 bytes read, 0 seeks
[image2 @ 0000000000f47240] Opening 'C:/Users/ydung/Desktop/data/grade10_Science/grade10_biology/svgs/frame0010.png' for reading
[file @ 0000000000e37b40] Setting default whitelist 'file,crypto'
[AVIOContext @ 0000000000e37d20] Statistics: 23713 bytes read, 0 seeks
[image2 @ 0000000000f47240] Opening 'C:/Users/ydung/Desktop/data/grade10_Science/grade10_biology/svgs/frame0011.png' for reading
[file @ 0000000000e77e80] Setting default whitelist 'file,crypto'
[AVIOContext @ 0000000000e37d20] Statistics: 23713 bytes read, 0 seeks
[image2 @ 0000000000f47240] Opening 'C:/Users/ydung/Desktop/data/grade10_Science/grade10_biology/svgs/frame0012.png' for reading
[file @ 0000000000e7dca0] Setting default whitelist 'file,crypto'
[AVIOContext @ 0000000000e7dd80] Statistics: 27074 bytes read, 0 seeks
[image2 @ 0000000000f47240] Opening 'C:/Users/ydung/Desktop/data/grade10_Science/grade10_biology/svgs/frame0013.png' for reading
[file @ 0000000000e7dca0] Setting default whitelist 'file,crypto'
[AVIOContext @ 0000000000e7dd80] Statistics: 27074 bytes read, 0 seeks
[image2 @ 0000000000f47240] Opening 'C:/Users/ydung/Desktop/data/grade10_Science/grade10_biology/svgs/frame0014.png' for reading
[file @ 0000000000e7dca0] Setting default whitelist 'file,crypto'
[AVIOContext @ 0000000000e7dd80] Statistics: 27074 bytes read, 0 seeks
[image2 @ 0000000000f47240] Opening 'C:/Users/ydung/Desktop/data/grade10_Science/grade10_biology/svgs/frame0015.png' for reading
[file @ 0000000000e7dca0] Setting default whitelist 'file,crypto'
[AVIOContext @ 0000000000e7dd80] Statistics: 27364 bytes read, 0 seeks
[image2 @ 0000000000f47240] Opening 'C:/Users/ydung/Desktop/data/grade10_Science/grade10_biology/svgs/frame0016.png' for reading
[file @ 0000000000e7dca0] Setting default whitelist 'file,crypto'
[AVIOContext @ 0000000000e7dd80] Statistics: 27364 bytes read, 0 seeks
[image2 @ 0000000000f47240] Opening 'C:/Users/ydung/Desktop/data/grade10_Science/grade10_biology/svgs/frame0017.png' for reading
[file @ 0000000000e7dca0] Setting default whitelist 'file,crypto'
[AVIOContext @ 0000000000e7dd80] Statistics: 27364 bytes read, 0 seeks
[image2 @ 0000000000f47240] Opening 'C:/Users/ydung/Desktop/data/grade10_Science/grade10_biology/svgs/frame0018.png' for reading
[file @ 0000000000e7dca0] Setting default whitelist 'file,crypto'
[AVIOContext @ 0000000000e7dd80] Statistics: 34669 bytes read, 0 seeks
[image2 @ 0000000000f47240] Opening 'C:/Users/ydung/Desktop/data/grade10_Science/grade10_biology/svgs/frame0019.png' for reading
[file @ 0000000000e7dca0] Setting default whitelist 'file,crypto'
[AVIOContext @ 0000000000e7dd80] Statistics: 34669 bytes read, 0 seeks
[image2 @ 0000000000f47240] Opening 'C:/Users/ydung/Desktop/data/grade10_Science/grade10_biology/svgs/frame0020.png' for reading
[file @ 0000000000e7dca0] Setting default whitelist 'file,crypto'
[AVIOContext @ 0000000000e7dd80] Statistics: 34669 bytes read, 0 seeks
[image2 @ 0000000000f47240] Opening 'C:/Users/ydung/Desktop/data/grade10_Science/grade10_biology/svgs/frame0021.png' for reading
[file @ 0000000000e7dca0] Setting default whitelist 'file,crypto'
[AVIOContext @ 0000000000e7dd80] Statistics: 34669 bytes read, 0 seeks
[image2 @ 0000000000f47240] Opening 'C:/Users/ydung/Desktop/data/grade10_Science/grade10_biology/svgs/frame0022.png' for reading
[file @ 0000000000e7dca0] Setting default whitelist 'file,crypto'
[AVIOContext @ 0000000000e7dd80] Statistics: 34669 bytes read, 0 seeks
[image2 @ 0000000000f47240] Opening 'C:/Users/ydung/Desktop/data/grade10_Science/grade10_biology/svgs/frame0023.png' for reading
[file @ 0000000000e7dca0] Setting default whitelist 'file,crypto'
[AVIOContext @ 0000000000e7dd80] Statistics: 34669 bytes read, 0 seeks
[image2 @ 0000000000f47240] Opening 'C:/Users/ydung/Desktop/data/grade10_Science/grade10_biology/svgs/frame0024.png' for reading
[file @ 0000000000e7dca0] Setting default whitelist 'file,crypto'
[AVIOContext @ 0000000000e7dd80] Statistics: 34669 bytes read, 0 seeks
[image2 @ 0000000000f47240] Opening 'C:/Users/ydung/Desktop/data/grade10_Science/grade10_biology/svgs/frame0025.png' for reading
[file @ 0000000000e7dca0] Setting default whitelist 'file,crypto'
[AVIOContext @ 0000000000e7dd80] Statistics: 34669 bytes read, 0 seeks
Input #0, image2, from 'C:/Users/ydung/Desktop/data/grade10_Science/grade10_biology/svgs/frame%04d.png':
  Duration: 00:00:01.04, start: 0.000000, bitrate: N/A
    Stream #0:0, 26, 1/25: Video: png, 1 reference frame, rgba(pc), 600x400 [SAR 23622:23622 DAR 3:2], 0/1, 25 fps, 25 tbr, 25 tbn, 25 tbc
Successfully opened the file.
Parsing a group of options: input url C:/Users/ydung/Desktop/data/grade10_Science/grade10_biology/svgs/palette.png.
Successfully parsed a group of options.
Opening an input file: C:/Users/ydung/Desktop/data/grade10_Science/grade10_biology/svgs/palette.png.
[NULL @ 0000000000e38b00] Opening 'C:/Users/ydung/Desktop/data/grade10_Science/grade10_biology/svgs/palette.png' for reading
[file @ 0000000000f4eba0] Setting default whitelist 'file,crypto'
[png_pipe @ 0000000000e38b00] Format png_pipe probed with size=2048 and score=99
[png_pipe @ 0000000000e38b00] Before avformat_find_stream_info() pos: 0 bytes read:989 seeks:0 nb_streams:1
[png_pipe @ 0000000000e38b00] After avformat_find_stream_info() pos: 989 bytes read:989 seeks:0 frames:1
Input #1, png_pipe, from 'C:/Users/ydung/Desktop/data/grade10_Science/grade10_biology/svgs/palette.png':
  Duration: N/A, bitrate: N/A
    Stream #1:0, 1, 1/25: Video: png, 1 reference frame, rgba(pc), 16x16 [SAR 1:1 DAR 1:1], 0/1, 25 tbr, 25 tbn, 25 tbc
Successfully opened the file.
detected 8 logical cores
[Parsed_scale_0 @ 00000000027ff8e0] Setting 'w' to value '300'
[Parsed_scale_0 @ 00000000027ff8e0] Setting 'h' to value '200'
[Parsed_scale_0 @ 00000000027ff8e0] w:300 h:200 flags:'bilinear' interl:0
Parsing a group of options: output url C:/Users/ydung/Desktop/data/grade10_Science/grade10_biology/svgs/planaria.gif.
Successfully parsed a group of options.
Opening an output file: C:/Users/ydung/Desktop/data/grade10_Science/grade10_biology/svgs/planaria.gif.
[file @ 00000000027ff800] Setting default whitelist 'file,crypto'
Successfully opened the file.
Stream mapping:
  Stream #0:0 (png) -> scale
  Stream #1:0 (png) -> paletteuse:palette
  paletteuse -> Stream #0:0 (gif)
cur_dts is invalid (this is harmless if it occurs once at the start per stream)
    Last message repeated 10 times
[Parsed_scale_0 @ 00000000027dbce0] Setting 'w' to value '300'
[Parsed_scale_0 @ 00000000027dbce0] Setting 'h' to value '200'
[Parsed_scale_0 @ 00000000027dbce0] w:300 h:200 flags:'bilinear' interl:0
[graph 0 input from stream 0:0 @ 00000000027543a0] Setting 'video_size' to value '600x400'
[graph 0 input from stream 0:0 @ 00000000027543a0] Setting 'pix_fmt' to value '28'
[graph 0 input from stream 0:0 @ 00000000027543a0] Setting 'time_base' to value '1/5'
[graph 0 input from stream 0:0 @ 00000000027543a0] Setting 'pixel_aspect' to value '23622/23622'
[graph 0 input from stream 0:0 @ 00000000027543a0] Setting 'sws_param' to value 'flags=2'
[graph 0 input from stream 0:0 @ 00000000027543a0] Setting 'frame_rate' to value '5/1'
[graph 0 input from stream 0:0 @ 00000000027543a0] w:600 h:400 pixfmt:rgba tb:1/5 fr:5/1 sar:23622/23622 sws_param:flags=2
[graph 0 input from stream 1:0 @ 000000000551e100] Setting 'video_size' to value '16x16'
[graph 0 input from stream 1:0 @ 000000000551e100] Setting 'pix_fmt' to value '28'
[graph 0 input from stream 1:0 @ 000000000551e100] Setting 'time_base' to value '1/25'
[graph 0 input from stream 1:0 @ 000000000551e100] Setting 'pixel_aspect' to value '1/1'
[graph 0 input from stream 1:0 @ 000000000551e100] Setting 'sws_param' to value 'flags=2'
[graph 0 input from stream 1:0 @ 000000000551e100] Setting 'frame_rate' to value '25/1'
[graph 0 input from stream 1:0 @ 000000000551e100] w:16 h:16 pixfmt:rgba tb:1/25 fr:25/1 sar:1/1 sws_param:flags=2
[format @ 000000000551e580] compat: called with args=[rgb8|bgr8|rgb4_byte|bgr4_byte|gray|pal8]
[format @ 000000000551e580] Setting 'pix_fmts' to value 'rgb8|bgr8|rgb4_byte|bgr4_byte|gray|pal8'
[auto_scaler_0 @ 000000000551e980] w:iw h:ih flags:'bilinear' interl:0
[Parsed_paletteuse_1 @ 0000000000f4ea20] auto-inserting filter 'auto_scaler_0' between the filter 'graph 0 input from stream 1:0' and the filter 'Parsed_paletteuse_1'
[AVFilterGraph @ 0000000000e39980] query_formats: 6 queried, 4 merged, 1 already done, 0 delayed
[swscaler @ 000000000276d720] Forcing full internal H chroma due to input having non subsampled chroma
[Parsed_scale_0 @ 00000000027dbce0] w:600 h:400 fmt:rgba sar:23622/23622 -> w:300 h:200 fmt:bgra sar:1/1 flags:0x2
[swscaler @ 00000000050a1b80] Forcing full internal H chroma due to input having non subsampled chroma
[auto_scaler_0 @ 000000000551e980] w:16 h:16 fmt:rgba sar:1/1 -> w:16 h:16 fmt:bgra sar:1/1 flags:0x2
[Parsed_paletteuse_1 @ 0000000000f4ea20] [framesync @ 000000000549c988] Selected 1/25 time base
[Parsed_paletteuse_1 @ 0000000000f4ea20] [framesync @ 000000000549c988] Sync level 2
Output #0, gif, to 'C:/Users/ydung/Desktop/data/grade10_Science/grade10_biology/svgs/planaria.gif':
  Metadata:
    encoder         : Lavf57.82.100
    Stream #0:0, 0, 1/100: Video: gif, 1 reference frame, pal8, 300x200 [SAR 1:1 DAR 3:2], 0/1, q=2-31, 200 kb/s, 5 fps, 100 tbn, 5 tbc (default)
    Metadata:
      encoder         : Lavc57.106.101 gif
Clipping frame in rate conversion by 0.000008
[gif @ 00000000027feec0] 1x1 image at pos (299;199) [area:300x200]
    Last message repeated 1 times
[gif @ 00000000027feec0] 61x166 image at pos (78;12) [area:300x200]
[gif @ 00000000027feec0] 1x1 image at pos (299;199) [area:300x200]
    Last message repeated 1 times
[gif @ 00000000027feec0] 216x170 image at pos (10;8) [area:300x200]
[gif @ 00000000027feec0] 1x1 image at pos (299;199) [area:300x200]
    Last message repeated 1 times
[gif @ 00000000027feec0] 217x160 image at pos (9;8) [area:300x200]
[gif @ 00000000027feec0] 1x1 image at pos (299;199) [area:300x200]
    Last message repeated 1 times
[gif @ 00000000027feec0] 217x160 image at pos (9;8) [area:300x200]
[gif @ 00000000027feec0] 1x1 image at pos (299;199) [area:300x200]
    Last message repeated 1 times
[gif @ 00000000027feec0] 18x14 image at pos (26;25) [area:300x200]
[gif @ 00000000027feec0] 1x1 image at pos (299;199) [area:300x200]
    Last message repeated 1 times
[gif @ 00000000027feec0] 214x159 image at pos (10;8) [area:300x200]
[gif @ 00000000027feec0] 1x1 image at pos (299;199) [area:300x200]
    Last message repeated 6 times
[Parsed_paletteuse_1 @ 0000000000f4ea20] [framesync @ 000000000549c988] Sync level 0
[out_0_0 @ 000000000551e420] EOF on sink link out_0_0:default.
No more output streams to write to, finishing.
frame=   26 fps=0.0 q=-0.0 Lsize=      22kB time=00:00:05.01 bitrate=  35.8kbits/s speed=88.6x    
[AVIOContext @ 0000000000f47000] Statistics: 0 seeks, 1 writeouts
video:21kB audio:0kB subtitle:0kB other streams:0kB global headers:0kB muxing overhead: 4.709452%
Input file #0 (C:/Users/ydung/Desktop/data/grade10_Science/grade10_biology/svgs/frame%04d.png):
  Input stream #0:0 (video): 26 packets read (691175 bytes); 26 frames decoded; 
  Total: 26 packets (691175 bytes) demuxed
Input file #1 (C:/Users/ydung/Desktop/data/grade10_Science/grade10_biology/svgs/palette.png):
  Input stream #1:0 (video): 1 packets read (989 bytes); 1 frames decoded; 
  Total: 1 packets (989 bytes) demuxed
Output file #0 (C:/Users/ydung/Desktop/data/grade10_Science/grade10_biology/svgs/planaria.gif):
  Output stream #0:0 (video): 26 frames encoded; 26 packets muxed (21425 bytes); 
  Total: 26 packets (21425 bytes) muxed
27 frames successfully decoded, 0 decoding errors
[AVIOContext @ 00000000027ff8e0] Statistics: 0 seeks, 2 writeouts
[AVIOContext @ 0000000000f4ec80] Statistics: 989 bytes read, 0 seeks
