ffmpeg version N-87327-g18821e3 Copyright (c) 2000-2017 the FFmpeg developers
  built with gcc 7.2.0 (GCC)
  configuration: --enable-gpl --enable-version3 --enable-cuda --enable-cuvid --enable-d3d11va --enable-dxva2 --enable-libmfx --enable-nvenc --enable-avisynth --enable-bzlib --enable-fontconfig --enable-frei0r --enable-gnutls --enable-iconv --enable-libass --enable-libbluray --enable-libbs2b --enable-libcaca --enable-libfreetype --enable-libgme --enable-libgsm --enable-libilbc --enable-libmodplug --enable-libmp3lame --enable-libopencore-amrnb --enable-libopencore-amrwb --enable-libopenh264 --enable-libopenjpeg --enable-libopus --enable-librtmp --enable-libsnappy --enable-libsoxr --enable-libspeex --enable-libtheora --enable-libtwolame --enable-libvidstab --enable-libvo-amrwbenc --enable-libvorbis --enable-libvpx --enable-libwavpack --enable-libwebp --enable-libx264 --enable-libx265 --enable-libxavs --enable-libxvid --enable-libxml2 --enable-libzimg --enable-lzma --enable-zlib
  libavutil      55. 75.100 / 55. 75.100
  libavcodec     57.106.101 / 57.106.101
  libavformat    57. 82.100 / 57. 82.100
  libavdevice    57.  8.101 / 57.  8.101
  libavfilter     6.105.100 /  6.105.100
  libswscale      4.  7.103 /  4.  7.103
  libswresample   2.  8.100 /  2.  8.100
  libpostproc    54.  6.100 / 54.  6.100
Splitting the commandline.
Reading option '-v' ... matched as option 'v' (set logging level) with argument 'debug'.
Reading option '-nostdin' ... matched as option 'stdin' (enable or disable interaction on standard input) with argument 0.
Reading option '-progress' ... matched as option 'progress' (write program-readable progress information) with argument 'C:/Users/ydung/AppData/Local/Temp/KritaFFmpegProgress.zykEnP'.
Reading option '-r' ... matched as option 'r' (set frame rate (Hz value, fraction or abbreviation)) with argument '5'.
Reading option '-start_number' ... matched as AVOption 'start_number' with argument '0'.
Reading option '-i' ... matched as input url with argument 'C:/Users/ydung/Desktop/data/grade10_Science/grade10_biology/svgs/frame%04d.png'.
Reading option '-vf' ... matched as option 'vf' (set video filters) with argument 'palettegen'.
Reading option '-y' ... matched as option 'y' (overwrite output files) with argument '1'.
Reading option 'C:/Users/ydung/Desktop/data/grade10_Science/grade10_biology/svgs/palette.png' ... matched as output url.
Finished splitting the commandline.
Parsing a group of options: global .
Applying option v (set logging level) with argument debug.
Applying option nostdin (enable or disable interaction on standard input) with argument 0.
Applying option progress (write program-readable progress information) with argument C:/Users/ydung/AppData/Local/Temp/KritaFFmpegProgress.zykEnP.
[file @ 0000000000e15380] Setting default whitelist 'file,crypto'
Applying option y (overwrite output files) with argument 1.
Successfully parsed a group of options.
Parsing a group of options: input url C:/Users/ydung/Desktop/data/grade10_Science/grade10_biology/svgs/frame%04d.png.
Applying option r (set frame rate (Hz value, fraction or abbreviation)) with argument 5.
Successfully parsed a group of options.
Opening an input file: C:/Users/ydung/Desktop/data/grade10_Science/grade10_biology/svgs/frame%04d.png.
[image2 @ 0000000000e55f40] Opening 'C:/Users/ydung/Desktop/data/grade10_Science/grade10_biology/svgs/frame0000.png' for reading
[file @ 0000000000f490c0] Setting default whitelist 'file,crypto'
[AVIOContext @ 0000000000f491a0] Statistics: 17574 bytes read, 0 seeks
[image2 @ 0000000000e55f40] Opening 'C:/Users/ydung/Desktop/data/grade10_Science/grade10_biology/svgs/frame0001.png' for reading
[file @ 0000000000e5f0c0] Setting default whitelist 'file,crypto'
[AVIOContext @ 0000000000e5f1a0] Statistics: 17574 bytes read, 0 seeks
[image2 @ 0000000000e55f40] Opening 'C:/Users/ydung/Desktop/data/grade10_Science/grade10_biology/svgs/frame0002.png' for reading
[file @ 0000000000e5f160] Setting default whitelist 'file,crypto'
[AVIOContext @ 0000000000f4ed60] Statistics: 17574 bytes read, 0 seeks
[image2 @ 0000000000e55f40] Opening 'C:/Users/ydung/Desktop/data/grade10_Science/grade10_biology/svgs/frame0003.png' for reading
[file @ 0000000000f4ed60] Setting default whitelist 'file,crypto'
[AVIOContext @ 0000000000f4ee40] Statistics: 21386 bytes read, 0 seeks
[image2 @ 0000000000e55f40] Opening 'C:/Users/ydung/Desktop/data/grade10_Science/grade10_biology/svgs/frame0004.png' for reading
[file @ 0000000000f4ee00] Setting default whitelist 'file,crypto'
[AVIOContext @ 00000000027db180] Statistics: 21386 bytes read, 0 seeks
[image2 @ 0000000000e55f40] Opening 'C:/Users/ydung/Desktop/data/grade10_Science/grade10_biology/svgs/frame0005.png' for reading
[file @ 00000000027db180] Setting default whitelist 'file,crypto'
[AVIOContext @ 00000000027db260] Statistics: 21386 bytes read, 0 seeks
[image2 @ 0000000000e55f40] Opening 'C:/Users/ydung/Desktop/data/grade10_Science/grade10_biology/svgs/frame0006.png' for reading
[file @ 00000000027db200] Setting default whitelist 'file,crypto'
[AVIOContext @ 00000000027dbc00] Statistics: 20830 bytes read, 0 seeks
[image2 @ 0000000000e55f40] Opening 'C:/Users/ydung/Desktop/data/grade10_Science/grade10_biology/svgs/frame0007.png' for reading
[file @ 0000000000e7ff00] Setting default whitelist 'file,crypto'
[AVIOContext @ 00000000027dbc00] Statistics: 20830 bytes read, 0 seeks
[image2 @ 0000000000e55f40] Opening 'C:/Users/ydung/Desktop/data/grade10_Science/grade10_biology/svgs/frame0008.png' for reading
[file @ 00000000027dbc00] Setting default whitelist 'file,crypto'
[AVIOContext @ 00000000027dbda0] Statistics: 20830 bytes read, 0 seeks
[image2 @ 0000000000e55f40] Opening 'C:/Users/ydung/Desktop/data/grade10_Science/grade10_biology/svgs/frame0009.png' for reading
[file @ 00000000027dbda0] Setting default whitelist 'file,crypto'
[AVIOContext @ 00000000027dbe80] Statistics: 23713 bytes read, 0 seeks
[image2 @ 0000000000e55f40] Opening 'C:/Users/ydung/Desktop/data/grade10_Science/grade10_biology/svgs/frame0010.png' for reading
[file @ 00000000027dbe40] Setting default whitelist 'file,crypto'
[AVIOContext @ 0000000000e90040] Statistics: 23713 bytes read, 0 seeks
[image2 @ 0000000000e55f40] Opening 'C:/Users/ydung/Desktop/data/grade10_Science/grade10_biology/svgs/frame0011.png' for reading
[file @ 00000000027dbe40] Setting default whitelist 'file,crypto'
[AVIOContext @ 0000000000e90040] Statistics: 23713 bytes read, 0 seeks
[image2 @ 0000000000e55f40] Opening 'C:/Users/ydung/Desktop/data/grade10_Science/grade10_biology/svgs/frame0012.png' for reading
[file @ 00000000027dbe40] Setting default whitelist 'file,crypto'
[AVIOContext @ 0000000000e90040] Statistics: 27074 bytes read, 0 seeks
[image2 @ 0000000000e55f40] Opening 'C:/Users/ydung/Desktop/data/grade10_Science/grade10_biology/svgs/frame0013.png' for reading
[file @ 00000000027dbe40] Setting default whitelist 'file,crypto'
[AVIOContext @ 0000000000e90040] Statistics: 27074 bytes read, 0 seeks
[image2 @ 0000000000e55f40] Opening 'C:/Users/ydung/Desktop/data/grade10_Science/grade10_biology/svgs/frame0014.png' for reading
[file @ 00000000027dbe40] Setting default whitelist 'file,crypto'
[AVIOContext @ 0000000000e90040] Statistics: 27074 bytes read, 0 seeks
[image2 @ 0000000000e55f40] Opening 'C:/Users/ydung/Desktop/data/grade10_Science/grade10_biology/svgs/frame0015.png' for reading
[file @ 00000000027dbe40] Setting default whitelist 'file,crypto'
[AVIOContext @ 0000000000e90040] Statistics: 27364 bytes read, 0 seeks
[image2 @ 0000000000e55f40] Opening 'C:/Users/ydung/Desktop/data/grade10_Science/grade10_biology/svgs/frame0016.png' for reading
[file @ 00000000027dbe40] Setting default whitelist 'file,crypto'
[AVIOContext @ 0000000000e90040] Statistics: 27364 bytes read, 0 seeks
[image2 @ 0000000000e55f40] Opening 'C:/Users/ydung/Desktop/data/grade10_Science/grade10_biology/svgs/frame0017.png' for reading
[file @ 00000000027dbe40] Setting default whitelist 'file,crypto'
[AVIOContext @ 0000000000e90040] Statistics: 27364 bytes read, 0 seeks
[image2 @ 0000000000e55f40] Opening 'C:/Users/ydung/Desktop/data/grade10_Science/grade10_biology/svgs/frame0018.png' for reading
[file @ 00000000027dbe40] Setting default whitelist 'file,crypto'
[AVIOContext @ 0000000000e90040] Statistics: 34669 bytes read, 0 seeks
[image2 @ 0000000000e55f40] Opening 'C:/Users/ydung/Desktop/data/grade10_Science/grade10_biology/svgs/frame0019.png' for reading
[file @ 00000000027dbe40] Setting default whitelist 'file,crypto'
[AVIOContext @ 0000000000e90040] Statistics: 34669 bytes read, 0 seeks
[image2 @ 0000000000e55f40] Opening 'C:/Users/ydung/Desktop/data/grade10_Science/grade10_biology/svgs/frame0020.png' for reading
[file @ 00000000027dbe40] Setting default whitelist 'file,crypto'
[AVIOContext @ 0000000000e90040] Statistics: 34669 bytes read, 0 seeks
[image2 @ 0000000000e55f40] Opening 'C:/Users/ydung/Desktop/data/grade10_Science/grade10_biology/svgs/frame0021.png' for reading
[file @ 00000000027dbe40] Setting default whitelist 'file,crypto'
[AVIOContext @ 0000000000e90040] Statistics: 34669 bytes read, 0 seeks
[image2 @ 0000000000e55f40] Opening 'C:/Users/ydung/Desktop/data/grade10_Science/grade10_biology/svgs/frame0022.png' for reading
[file @ 00000000027dbe40] Setting default whitelist 'file,crypto'
[AVIOContext @ 0000000000e90040] Statistics: 34669 bytes read, 0 seeks
[image2 @ 0000000000e55f40] Opening 'C:/Users/ydung/Desktop/data/grade10_Science/grade10_biology/svgs/frame0023.png' for reading
[file @ 00000000027dbe40] Setting default whitelist 'file,crypto'
[AVIOContext @ 0000000000e90040] Statistics: 34669 bytes read, 0 seeks
[image2 @ 0000000000e55f40] Opening 'C:/Users/ydung/Desktop/data/grade10_Science/grade10_biology/svgs/frame0024.png' for reading
[file @ 00000000027dbe40] Setting default whitelist 'file,crypto'
[AVIOContext @ 0000000000e90040] Statistics: 34669 bytes read, 0 seeks
[image2 @ 0000000000e55f40] Opening 'C:/Users/ydung/Desktop/data/grade10_Science/grade10_biology/svgs/frame0025.png' for reading
[file @ 00000000027dbe40] Setting default whitelist 'file,crypto'
[AVIOContext @ 0000000000e90040] Statistics: 34669 bytes read, 0 seeks
Input #0, image2, from 'C:/Users/ydung/Desktop/data/grade10_Science/grade10_biology/svgs/frame%04d.png':
  Duration: 00:00:01.04, start: 0.000000, bitrate: N/A
    Stream #0:0, 26, 1/25: Video: png, 1 reference frame, rgba(pc), 600x400 [SAR 23622:23622 DAR 3:2], 0/1, 25 fps, 25 tbr, 25 tbn, 25 tbc
Successfully opened the file.
Parsing a group of options: output url C:/Users/ydung/Desktop/data/grade10_Science/grade10_biology/svgs/palette.png.
Applying option vf (set video filters) with argument palettegen.
Successfully parsed a group of options.
Opening an output file: C:/Users/ydung/Desktop/data/grade10_Science/grade10_biology/svgs/palette.png.
Successfully opened the file.
detected 8 logical cores
Stream mapping:
  Stream #0:0 -> #0:0 (png (native) -> png (native))
cur_dts is invalid (this is harmless if it occurs once at the start per stream)
    Last message repeated 8 times
[graph 0 input from stream 0:0 @ 0000000003e9ce60] Setting 'video_size' to value '600x400'
[graph 0 input from stream 0:0 @ 0000000003e9ce60] Setting 'pix_fmt' to value '28'
[graph 0 input from stream 0:0 @ 0000000003e9ce60] Setting 'time_base' to value '1/5'
[graph 0 input from stream 0:0 @ 0000000003e9ce60] Setting 'pixel_aspect' to value '23622/23622'
[graph 0 input from stream 0:0 @ 0000000003e9ce60] Setting 'sws_param' to value 'flags=2'
[graph 0 input from stream 0:0 @ 0000000003e9ce60] Setting 'frame_rate' to value '5/1'
[graph 0 input from stream 0:0 @ 0000000003e9ce60] w:600 h:400 pixfmt:rgba tb:1/5 fr:5/1 sar:23622/23622 sws_param:flags=2
[format @ 0000000000e5f100] compat: called with args=[rgb24|rgba|rgb48be|rgba64be|pal8|gray|ya8|gray16be|ya16be|monob]
[format @ 0000000000e5f100] Setting 'pix_fmts' to value 'rgb24|rgba|rgb48be|rgba64be|pal8|gray|ya8|gray16be|ya16be|monob'
[auto_scaler_0 @ 0000000000e5c4c0] Setting 'flags' to value 'bicubic'
[auto_scaler_0 @ 0000000000e5c4c0] w:iw h:ih flags:'bicubic' interl:0
[Parsed_palettegen_0 @ 0000000000eeef00] auto-inserting filter 'auto_scaler_0' between the filter 'graph 0 input from stream 0:0' and the filter 'Parsed_palettegen_0'
[auto_scaler_1 @ 000000000273a3a0] Setting 'flags' to value 'bicubic'
[auto_scaler_1 @ 000000000273a3a0] w:iw h:ih flags:'bicubic' interl:0
[format @ 0000000000e5f100] auto-inserting filter 'auto_scaler_1' between the filter 'Parsed_palettegen_0' and the filter 'format'
[AVFilterGraph @ 0000000000e963c0] query_formats: 4 queried, 1 merged, 2 already done, 0 delayed
[auto_scaler_1 @ 000000000273a3a0] picking rgba out of 9 ref:bgra alpha:1
[swscaler @ 00000000027ccfc0] Forcing full internal H chroma due to input having non subsampled chroma
[auto_scaler_0 @ 0000000000e5c4c0] w:600 h:400 fmt:rgba sar:23622/23622 -> w:600 h:400 fmt:bgra sar:1/1 flags:0x4
[swscaler @ 0000000003e9cfa0] Forcing full internal H chroma due to input having non subsampled chroma
[auto_scaler_1 @ 000000000273a3a0] w:16 h:16 fmt:bgra sar:1/1 -> w:16 h:16 fmt:rgba sar:1/1 flags:0x4
Output #0, image2, to 'C:/Users/ydung/Desktop/data/grade10_Science/grade10_biology/svgs/palette.png':
  Metadata:
    encoder         : Lavf57.82.100
    Stream #0:0, 0, 1/5: Video: png, 1 reference frame, rgba, 16x16 [SAR 1:1 DAR 1:1], 0/1, q=2-31, 200 kb/s, 5 fps, 5 tbn, 5 tbc
    Metadata:
      encoder         : Lavc57.106.101 png
cur_dts is invalid (this is harmless if it occurs once at the start per stream)
    Last message repeated 25 times
[Parsed_palettegen_0 @ 0000000000eeef00] 255(+1) colors generated out of 912 colors; ratio=0.279605
[swscaler @ 0000000003e9cfa0] Forcing full internal H chroma due to input having non subsampled chroma
[auto_scaler_1 @ 000000000273a3a0] w:16 h:16 fmt:bgra sar:0/1 -> w:16 h:16 fmt:rgba sar:0/1 flags:0x4
cur_dts is invalid (this is harmless if it occurs once at the start per stream)
Clipping frame in rate conversion by 0.000008
cur_dts is invalid (this is harmless if it occurs once at the start per stream)
[out_0_0 @ 000000000272dfe0] EOF on sink link out_0_0:default.
No more output streams to write to, finishing.
[image2 @ 0000000000f4e260] Opening 'C:/Users/ydung/Desktop/data/grade10_Science/grade10_biology/svgs/palette.png' for writing
[file @ 0000000004599680] Setting default whitelist 'file,crypto'
[AVIOContext @ 0000000000f4d6a0] Statistics: 0 seeks, 1 writeouts
frame=    1 fps=0.0 q=-0.0 Lsize=N/A time=00:00:00.20 bitrate=N/A speed=9.63x    
[AVIOContext @ 0000000000e55e00] Statistics: 0 seeks, 1 writeouts
video:1kB audio:0kB subtitle:0kB other streams:0kB global headers:0kB muxing overhead: unknown
Input file #0 (C:/Users/ydung/Desktop/data/grade10_Science/grade10_biology/svgs/frame%04d.png):
  Input stream #0:0 (video): 26 packets read (691175 bytes); 26 frames decoded; 
  Total: 26 packets (691175 bytes) demuxed
Output file #0 (C:/Users/ydung/Desktop/data/grade10_Science/grade10_biology/svgs/palette.png):
  Output stream #0:0 (video): 1 frames encoded; 1 packets muxed (989 bytes); 
  Total: 1 packets (989 bytes) muxed
26 frames successfully decoded, 0 decoding errors
